<?xml version="1.0" encoding="UTF-8"?>
<!-- Generated by org.testng.reporters.JUnitReportReporter -->
<testsuite hostname="MacBook-Pro-Astaroth.local" failures="0" tests="1" name="webautomation.mekarichat.test.ChannelChat" time="182.316" errors="0" timestamp="2022-01-21T13:10:29 WIB" skipped="0">
  <testcase classname="webautomation.mekarichat.test.ChannelChat" name="userCanEditChannel" time="182.316"/>
  <system-out/>
</testsuite> <!-- webautomation.mekarichat.test.ChannelChat -->
