<?xml version="1.0" encoding="UTF-8"?>
<!-- Generated by org.testng.reporters.JUnitReportReporter -->
<testsuite hostname="MacBook-Pro-Astaroth.local" failures="0" tests="6" name="webautomation.mekarichat.test.Login" time="175.672" errors="0" timestamp="2021-12-16T14:37:21 WIB" skipped="0">
  <testcase classname="webautomation.mekarichat.test.Login" name="loginWithValidEmailandPassword" time="31.225"/>
  <system-out/>
  <testcase classname="webautomation.mekarichat.test.Login" name="checkPasswordHidden" time="16.166"/>
  <system-out/>
  <testcase classname="webautomation.mekarichat.test.Login" name="loginWithWrongEmailandValidPassword" time="33.085"/>
  <system-out/>
  <testcase classname="webautomation.mekarichat.test.Login" name="loginWithWrongEmailandPassword" time="30.725"/>
  <system-out/>
  <testcase classname="webautomation.mekarichat.test.Login" name="loginWithValidEmailandWrongPassword" time="36.110"/>
  <system-out/>
  <testcase classname="webautomation.mekarichat.test.Login" name="checkPasswordShowed" time="28.361"/>
  <system-out/>
</testsuite> <!-- webautomation.mekarichat.test.Login -->
