<?xml version="1.0" encoding="UTF-8"?>
<!-- Generated by org.testng.reporters.JUnitReportReporter -->
<testsuite hostname="MacBook-Pro-Astaroth.local" failures="0" tests="2" name="webautomation.mekarichat.test.ChatList" time="28.727" errors="0" timestamp="2022-01-04T09:45:14 WIB" skipped="0">
  <testcase classname="webautomation.mekarichat.test.ChatList" name="pinTest" time="26.353"/>
  <system-out/>
  <testcase classname="webautomation.mekarichat.test.ChatList" name="checkStatusChatOnlineOffline" time="2.374"/>
  <system-out/>
</testsuite> <!-- webautomation.mekarichat.test.ChatList -->
