<?xml version="1.0" encoding="UTF-8"?>
<!-- Generated by org.testng.reporters.JUnitReportReporter -->
<testsuite hostname="MacBook-Pro-Astaroth.local" failures="0" tests="1" name="webautomation.mekarichat.test.Contacts" time="5.490" errors="0" timestamp="2022-01-20T09:37:16 WIB" skipped="0">
  <testcase classname="webautomation.mekarichat.test.Contacts" name="listContact" time="5.490"/>
  <system-out/>
</testsuite> <!-- webautomation.mekarichat.test.Contacts -->
