<?xml version="1.0" encoding="UTF-8"?>
<!-- Generated by org.testng.reporters.JUnitReportReporter -->
<testsuite hostname="MacBook-Pro-Astaroth.local" failures="0" tests="6" name="webautomation.mekarichat.test.PrivateChat" time="67.835" errors="0" timestamp="2022-01-04T05:58:03 WIB" skipped="0">
  <testcase classname="webautomation.mekarichat.test.PrivateChat" name="userStatusLastSeen" time="4.446"/>
  <system-out/>
  <testcase classname="webautomation.mekarichat.test.PrivateChat" name="userSendMessage" time="7.596"/>
  <system-out/>
  <testcase classname="webautomation.mekarichat.test.PrivateChat" name="userSearchMessageOnChat" time="8.898"/>
  <system-out/>
  <testcase classname="webautomation.mekarichat.test.PrivateChat" name="userSendImage" time="15.728"/>
  <system-out/>
  <testcase classname="webautomation.mekarichat.test.PrivateChat" name="userViewProfileContact" time="9.192"/>
  <system-out/>
  <testcase classname="webautomation.mekarichat.test.PrivateChat" name="userSendVideo" time="21.975"/>
  <system-out/>
</testsuite> <!-- webautomation.mekarichat.test.PrivateChat -->
