<?xml version="1.0" encoding="UTF-8"?>
<!-- Generated by org.testng.reporters.JUnitReportReporter -->
<testsuite hostname="MacBook-Pro-Astaroth.local" failures="0" tests="1" name="webautomation.mekarichat.test.ChannelChat" time="51.730" errors="0" timestamp="2021-12-31T13:24:39 WIB" skipped="0">
  <testcase classname="webautomation.mekarichat.test.ChannelChat" name="sendOnChannelChat" time="51.730"/>
  <system-out/>
</testsuite> <!-- webautomation.mekarichat.test.ChannelChat -->
