<?xml version="1.0" encoding="UTF-8"?>
<!-- Generated by org.testng.reporters.JUnitReportReporter -->
<testsuite hostname="MacBook-Pro-Astaroth.local" failures="0" tests="1" name="webautomation.mekarichat.test.SearchMessage" time="10.626" errors="0" timestamp="2022-01-19T14:12:55 WIB" skipped="0">
  <testcase classname="webautomation.mekarichat.test.SearchMessage" name="searchOnChatTab" time="10.626"/>
  <system-out/>
</testsuite> <!-- webautomation.mekarichat.test.SearchMessage -->
