<?xml version="1.0" encoding="UTF-8"?>
<!-- Generated by org.testng.reporters.JUnitReportReporter -->
<testsuite hostname="MacBook-Pro-Astaroth.local" failures="0" tests="5" name="webautomation.mekarichat.test.Channels" time="284.623" errors="0" timestamp="2022-01-04T06:09:52 WIB" skipped="0">
  <testcase classname="webautomation.mekarichat.test.Channels" name="searchOnYourChannel" time="70.665"/>
  <system-out/>
  <testcase classname="webautomation.mekarichat.test.Channels" name="accessJoinChannel" time="13.103"/>
  <system-out/>
  <testcase classname="webautomation.mekarichat.test.Channels" name="joinChannel" time="3.863"/>
  <system-out/>
  <testcase classname="webautomation.mekarichat.test.Channels" name="tabsChannelForSeeDaftarChannel" time="132.395"/>
  <system-out/>
  <testcase classname="webautomation.mekarichat.test.Channels" name="searchOnAvailableChannel" time="64.597"/>
  <system-out/>
</testsuite> <!-- webautomation.mekarichat.test.Channels -->
