<?xml version="1.0" encoding="UTF-8"?>
<!-- Generated by org.testng.reporters.JUnitReportReporter -->
<testsuite hostname="MacBook-Pro-Astaroth.local" failures="0" tests="2" name="webautomation.mekarichat.test.Account" time="16.746" errors="0" timestamp="2022-01-19T14:05:09 WIB" skipped="0">
  <testcase classname="webautomation.mekarichat.test.Account" name="infoAccount" time="6.521"/>
  <system-out/>
  <testcase classname="webautomation.mekarichat.test.Account" name="changeProfileAccount" time="10.225"/>
  <system-out/>
</testsuite> <!-- webautomation.mekarichat.test.Account -->
