<?xml version="1.0" encoding="UTF-8"?>
<!-- Generated by org.testng.reporters.JUnitReportReporter -->
<testsuite hostname="MacBook-Pro-Astaroth.local" failures="0" tests="2" name="webautomation.mekarichat.test.ChatList" time="28.970" errors="0" timestamp="2022-01-19T14:05:09 WIB" skipped="0">
  <testcase classname="webautomation.mekarichat.test.ChatList" name="pinTest" time="26.548"/>
  <system-out/>
  <testcase classname="webautomation.mekarichat.test.ChatList" name="checkStatusChatOnlineOffline" time="2.422"/>
  <system-out/>
</testsuite> <!-- webautomation.mekarichat.test.ChatList -->
