<?xml version="1.0" encoding="UTF-8"?>
<!-- Generated by org.testng.reporters.JUnitReportReporter -->
<testsuite hostname="MacBook-Pro-Astaroth.local" failures="0" tests="4" name="webautomation.mekarichat.test.SearchChat" time="279.206" errors="0" timestamp="2021-12-16T14:37:21 WIB" skipped="0">
  <testcase classname="webautomation.mekarichat.test.SearchChat" name="searchChatWithNoFilter" time="51.251"/>
  <system-out/>
  <testcase classname="webautomation.mekarichat.test.SearchChat" name="searchChatWithFilterPostIn" time="56.686"/>
  <system-out/>
  <testcase classname="webautomation.mekarichat.test.SearchChat" name="searchChatWithFilterPostInAndFrom" time="60.343"/>
  <system-out/>
  <testcase classname="webautomation.mekarichat.test.SearchChat" name="searchOnTabSearchWithFilterFrom" time="110.926"/>
  <system-out/>
</testsuite> <!-- webautomation.mekarichat.test.SearchChat -->
