<?xml version="1.0" encoding="UTF-8"?>
<!-- Generated by org.testng.reporters.JUnitReportReporter -->
<testsuite hostname="MacBook-Pro-Astaroth.local" failures="0" tests="4" name="webautomation.mekarichat.test.SearchChat" time="274.005" errors="0" timestamp="2021-12-31T10:59:31 WIB" skipped="0">
  <testcase classname="webautomation.mekarichat.test.SearchChat" name="searchChatWithNoFilter" time="52.285"/>
  <system-out/>
  <testcase classname="webautomation.mekarichat.test.SearchChat" name="searchChatWithFilterPostInAndFrom" time="56.926"/>
  <system-out/>
  <testcase classname="webautomation.mekarichat.test.SearchChat" name="searchOnTabSearchWithFilterFrom" time="112.628"/>
  <system-out/>
  <testcase classname="webautomation.mekarichat.test.SearchChat" name="searchChatWithFilterPostIn" time="52.166"/>
  <system-out/>
</testsuite> <!-- webautomation.mekarichat.test.SearchChat -->
