<?xml version="1.0" encoding="UTF-8"?>
<!-- Generated by org.testng.reporters.JUnitReportReporter -->
<testsuite hostname="MacBook-Pro-Astaroth.local" failures="0" tests="5" name="webautomation.mekarichat.test.Contacts" time="195.814" errors="0" timestamp="2021-12-16T14:37:21 WIB" skipped="0">
  <testcase classname="webautomation.mekarichat.test.Contacts" name="accessPrivateRoomFromTabsContacts" time="38.955"/>
  <system-out/>
  <testcase classname="webautomation.mekarichat.test.Contacts" name="searchContactWithJobs" time="41.240"/>
  <system-out/>
  <testcase classname="webautomation.mekarichat.test.Contacts" name="searchContactWithName" time="40.668"/>
  <system-out/>
  <testcase classname="webautomation.mekarichat.test.Contacts" name="listContact" time="37.399"/>
  <system-out/>
  <testcase classname="webautomation.mekarichat.test.Contacts" name="statusOnlineOfflineListContact" time="37.552"/>
  <system-out/>
</testsuite> <!-- webautomation.mekarichat.test.Contacts -->
