<?xml version="1.0" encoding="UTF-8"?>
<!-- Generated by org.testng.reporters.JUnitReportReporter -->
<testsuite skipped="0" hostname="MacBook-Pro-Astaroth.local" name="webautomation.mekarichat.AppTest" tests="1" failures="0" timestamp="14 Dec 2021 07:06:58 GMT" time="43.153" errors="0">
  <testcase name="accessPrivateRoomFromTabsContacts" time="43.153" classname="webautomation.mekarichat.AppTest"/>
</testsuite> <!-- webautomation.mekarichat.AppTest -->
