<?xml version="1.0" encoding="UTF-8"?>
<!-- Generated by org.testng.reporters.JUnitReportReporter -->
<testsuite hostname="MacBook-Pro-Astaroth.local" failures="0" tests="1" name="webautomation.mekarichat.test.Account" time="9.601" errors="0" timestamp="2022-01-27T12:25:17 WIB" skipped="0">
  <testcase classname="webautomation.mekarichat.test.Account" name="infoAccount" time="9.601"/>
  <system-out/>
</testsuite> <!-- webautomation.mekarichat.test.Account -->
