<?xml version="1.0" encoding="UTF-8"?>
<!-- Generated by org.testng.reporters.JUnitReportReporter -->
<testsuite hostname="MacBook-Pro-Astaroth.local" failures="0" tests="2" name="webautomation.mekarichat.test.Account" time="17.235" errors="0" timestamp="2022-01-04T05:49:26 WIB" skipped="0">
  <testcase classname="webautomation.mekarichat.test.Account" name="changeProfileAccount" time="10.749"/>
  <system-out/>
  <testcase classname="webautomation.mekarichat.test.Account" name="infoAccount" time="6.486"/>
  <system-out/>
</testsuite> <!-- webautomation.mekarichat.test.Account -->
