<?xml version="1.0" encoding="UTF-8"?>
<!-- Generated by org.testng.reporters.JUnitReportReporter -->
<testsuite hostname="MacBook-Pro-Astaroth.local" failures="0" tests="1" name="webautomation.mekarichat.test.SearchMessage" time="40.444" errors="0" timestamp="2021-12-16T14:37:21 WIB" skipped="0">
  <testcase classname="webautomation.mekarichat.test.SearchMessage" name="searchOnChatTab" time="40.444"/>
  <system-out/>
</testsuite> <!-- webautomation.mekarichat.test.SearchMessage -->
