<?xml version="1.0" encoding="UTF-8"?>
<!-- Generated by org.testng.reporters.JUnitReportReporter -->
<testsuite hostname="MacBook-Pro-Astaroth.local" failures="0" tests="6" name="webautomation.mekarichat.test.ChannelChat" time="229.812" errors="0" timestamp="2022-01-19T14:05:09 WIB" skipped="0">
  <testcase classname="webautomation.mekarichat.test.ChannelChat" name="userSendDoc" time="105.950"/>
  <system-out/>
  <testcase classname="webautomation.mekarichat.test.ChannelChat" name="userSendVideo" time="42.878"/>
  <system-out/>
  <testcase classname="webautomation.mekarichat.test.ChannelChat" name="userSendImage" time="19.529"/>
  <system-out/>
  <testcase classname="webautomation.mekarichat.test.ChannelChat" name="userSearchChatOnChannel" time="23.484"/>
  <system-out/>
  <testcase classname="webautomation.mekarichat.test.ChannelChat" name="sendMessageOnChannelChat" time="17.771"/>
  <system-out/>
  <testcase classname="webautomation.mekarichat.test.ChannelChat" name="sendEmojiOnChannelChat" time="20.200"/>
  <system-out/>
</testsuite> <!-- webautomation.mekarichat.test.ChannelChat -->
