<?xml version="1.0" encoding="UTF-8"?>
<!-- Generated by org.testng.reporters.JUnitReportReporter -->
<testsuite hostname="MacBook-Pro-Astaroth.local" failures="0" tests="6" name="webautomation.mekarichat.test.Login" time="183.165" errors="0" timestamp="2022-01-04T10:37:27 WIB" skipped="0">
  <testcase classname="webautomation.mekarichat.test.Login" name="loginWithWrongEmailandValidPassword" time="38.579"/>
  <system-out/>
  <testcase classname="webautomation.mekarichat.test.Login" name="loginWithValidEmailandWrongPassword" time="31.919"/>
  <system-out/>
  <testcase classname="webautomation.mekarichat.test.Login" name="checkPasswordShowed" time="23.904"/>
  <system-out/>
  <testcase classname="webautomation.mekarichat.test.Login" name="checkPasswordHidden" time="18.527"/>
  <system-out/>
  <testcase classname="webautomation.mekarichat.test.Login" name="loginWithValidEmailandPassword" time="37.615"/>
  <system-out/>
  <testcase classname="webautomation.mekarichat.test.Login" name="loginWithWrongEmailandPassword" time="32.621"/>
  <system-out/>
</testsuite> <!-- webautomation.mekarichat.test.Login -->
