<?xml version="1.0" encoding="UTF-8"?>
<!-- Generated by org.testng.reporters.JUnitReportReporter -->
<testsuite hostname="MacBook-Pro-Astaroth.local" failures="0" tests="1" name="webautomation.mekarichat.test.Channels" time="39.948" errors="0" timestamp="2021-12-22T13:07:52 WIB" skipped="0">
  <testcase classname="webautomation.mekarichat.test.Channels" name="accessJoinChannel" time="39.948"/>
  <system-out/>
</testsuite> <!-- webautomation.mekarichat.test.Channels -->
