<?xml version="1.0" encoding="UTF-8"?>
<!-- Generated by org.testng.reporters.JUnitReportReporter -->
<testsuite hostname="MacBook-Pro-Astaroth.local" failures="0" tests="4" name="webautomation.mekarichat.test.SearchChat" time="161.617" errors="0" timestamp="2022-01-19T14:05:09 WIB" skipped="0">
  <testcase classname="webautomation.mekarichat.test.SearchChat" name="searchOnTabSearchWithFilterFrom" time="81.072"/>
  <system-out/>
  <testcase classname="webautomation.mekarichat.test.SearchChat" name="searchChatWithFilterPostInAndFrom" time="31.334"/>
  <system-out/>
  <testcase classname="webautomation.mekarichat.test.SearchChat" name="searchChatWithNoFilter" time="25.204"/>
  <system-out/>
  <testcase classname="webautomation.mekarichat.test.SearchChat" name="searchChatWithFilterPostIn" time="24.007"/>
  <system-out/>
</testsuite> <!-- webautomation.mekarichat.test.SearchChat -->
