<?xml version="1.0" encoding="UTF-8"?>
<!-- Generated by org.testng.reporters.JUnitReportReporter -->
<testsuite hostname="MacBook-Pro-Astaroth.local" failures="0" tests="2" name="webautomation.mekarichat.test.ChatList" time="117.072" errors="0" timestamp="2021-12-16T14:37:21 WIB" skipped="0">
  <testcase classname="webautomation.mekarichat.test.ChatList" name="checkStatusChatOnlineOffline" time="58.398"/>
  <system-out/>
  <testcase classname="webautomation.mekarichat.test.ChatList" name="pinTest" time="58.674"/>
  <system-out/>
</testsuite> <!-- webautomation.mekarichat.test.ChatList -->
