<?xml version="1.0" encoding="UTF-8"?>
<!-- Generated by org.testng.reporters.JUnitReportReporter -->
<testsuite hostname="MacBook-Pro-Astaroth.local" failures="0" tests="1" name="webautomation.mekarichat.test.SearchMessage" time="47.769" errors="0" timestamp="2021-12-31T10:59:31 WIB" skipped="0">
  <testcase classname="webautomation.mekarichat.test.SearchMessage" name="searchOnChatTab" time="47.769"/>
  <system-out/>
</testsuite> <!-- webautomation.mekarichat.test.SearchMessage -->
