<?xml version="1.0" encoding="UTF-8"?>
<!-- Generated by org.testng.reporters.JUnitReportReporter -->
<testsuite hostname="MacBook-Pro-Astaroth.local" failures="0" tests="1" name="webautomation.mekarichat.test.PrivateChat" time="21.792" errors="0" timestamp="2022-01-20T14:12:02 WIB" skipped="0">
  <testcase classname="webautomation.mekarichat.test.PrivateChat" name="userCanDeletedMessage" time="21.792"/>
  <system-out/>
</testsuite> <!-- webautomation.mekarichat.test.PrivateChat -->
