<?xml version="1.0" encoding="UTF-8"?>
<!-- Generated by org.testng.reporters.JUnitReportReporter -->
<testsuite hostname="MacBook-Pro-Astaroth.local" failures="0" tests="1" name="webautomation.mekarichat.test.Logout" time="49.689" errors="0" timestamp="2021-12-31T11:26:24 WIB" skipped="0">
  <testcase classname="webautomation.mekarichat.test.Logout" name="logoutFromMekariChat" time="49.689"/>
  <system-out/>
</testsuite> <!-- webautomation.mekarichat.test.Logout -->
