<?xml version="1.0" encoding="UTF-8"?>
<!-- Generated by org.testng.reporters.JUnitReportReporter -->
<testsuite hostname="MacBook-Pro-Astaroth.local" failures="0" tests="4" name="webautomation.mekarichat.test.SearchChat" time="130.409" errors="0" timestamp="2022-01-20T09:42:21 WIB" skipped="0">
  <testcase classname="webautomation.mekarichat.test.SearchChat" name="searchOnTabSearchWithFilterFrom" time="37.468"/>
  <system-out/>
  <testcase classname="webautomation.mekarichat.test.SearchChat" name="searchChatWithFilterPostIn" time="27.713"/>
  <system-out/>
  <testcase classname="webautomation.mekarichat.test.SearchChat" name="searchChatWithFilterPostInAndFrom" time="36.766"/>
  <system-out/>
  <testcase classname="webautomation.mekarichat.test.SearchChat" name="searchChatWithNoFilter" time="28.462"/>
  <system-out/>
</testsuite> <!-- webautomation.mekarichat.test.SearchChat -->
